<?xml version="1.0" encoding="UTF-8"?>
<testsuite name="de.afrouper.beans.impl.GeneratedBeanScannerTest" tests="1" skipped="0" failures="0" errors="0" timestamp="2016-06-27T19:53:13" hostname="ChristisMacBook.fritz.box" time="0.009">
  <properties/>
  <testcase name="scanPersonBean" classname="de.afrouper.beans.impl.GeneratedBeanScannerTest" time="0.009"/>
  <system-out><![CDATA[]]></system-out>
  <system-err><![CDATA[]]></system-err>
</testsuite>
